<?xml version="1.0" encoding="UTF-8"?>
<!-- Generated by org.testng.reporters.JUnitReportReporter -->
<testsuite hostname="Ayobamis-MacBook-Pro.local" failures="0" tests="1" name="org.spaces.addProductToCart" time="43.272" errors="0" timestamp="13 Apr 2021 12:52:22 GMT" skipped="0">
  <testcase classname="org.spaces.addProductToCart" name="addProductToCartTest" time="43.272"/>
</testsuite> <!-- org.spaces.addProductToCart -->
